// --------- Start of element log -----------------

// Ordinal: 0.0 (role: worker)

// Path: mcintyre@stat21.phys.uconn.edu:1097//home/www/docs/proof/work/1097/mcintyre/session-stat31-1686925700-3082791/worker-0.0-stat21.log 
// # of retrieved lines: 97 


// ------------------------------------------------

230616 10:28:33 2318705xpd-I: ProofServMgr::Create: log file: /home/www/docs/proof/work/1097/mcintyre/session-stat31-1686925700-3082791/worker-0.0-stat21.log
230616 10:28:33 2318705xpd-I: ProofServMgr::Create: *** spawned child process 2318705 ***
230616 10:28:33 2318705xpd-I: ProofServMgr::Create: admin path: /tmp/.xproofd.1097/activesessions/mcintyre.default.2318705
230616 10:28:33 2318705xpd-I: ProofServMgr::Create: UNIX sock path: /tmp/.xproofd.1097/socks/xpd.1097.2318705
230616 10:28:33 2318705xpd-I: ProofServMgr::Create: srvtype = 0
230616 10:28:33 2318705xpd-I: ProofServMgr::SetUserOwnerships: enter
230616 10:28:33 2318705xpd-I: ProofServMgr::SetUserOwnerships: done
230616 10:28:33 2318705xpd-I: ProofServMgr::SetUserEnvironment: enter
230616 10:28:33 2318705xpd-I: ProofServMgr::SetUserEnvironment: done
230616 10:28:33 2318705xpd-I: ProofServMgr::SetProofServEnv: psid: 0, log: 0
230616 10:28:33 2318705xpd-I: ProofServMgr::SetProofServEnv: ROOT dir: /usr/local/root
230616 10:28:33 2318705xpd-I: ProofServMgr::CreateProofServRootRc: session rootrc file: /home/www/docs/proof/work/1097/mcintyre/session-stat31-1686925700-3082791/worker-0.0-stat21.rootrc
230616 10:28:33 2318705xpd-I: ProofServMgr::CreateProofServEnvFile: environment file: /home/www/docs/proof/work/1097/mcintyre/session-stat31-1686925700-3082791/worker-0.0-stat21.env
230616 10:28:33 2318705xpd-I: ProofServMgr::SetProofServEnv: creating symlink
230616 10:28:33 2318705xpd-I: ProofServMgr::SetProofServEnv: done
230616 10:28:33 2318705xpd-I: ProofServMgr::Create: 2318705: proofserv env set up
230616 10:28:33 2318705xpd-I: ProofServMgr::Create: 2318705: log file path communicated
230616 10:28:33 2318705xpd-I: ProofServMgr::Create: 2318705: user: mcintyre, uid: 610, euid:610, psrv: /usr/local/root/bin/proofserv, argvv[1]: proofslave
10:28:37 2318705 Wrk-0.0 | Info in <TXProofServ::SetupCommon>:  0 global package directories registered
10:29:49 2318705 Wrk-0.0 | Info in <TXProofServ::HandleCache>: loading macro TwoG_real2_etaprime2gp_may_16_2023.C+O ...
10:29:49 2318705 Wrk-0.0 | Info in <TUnixSystem::ACLiC>: creating shared library /local/tmp/proof/mcintyre/cache/./TwoG_real2_etaprime2gp_may_16_2023_C.so
10:33:27 2318705 Wrk-0.0 | Info in <TXProofServ::HandleProcess>: calling fPlayer->Process() with selector name: TwoG_real2_etaprime2gp_may_16_2023
10:33:27 2318705 Wrk-0.0 | Info in <TProofPlayerSlave::AssertSelector>: Processing via filename (TwoG_real2_etaprime2gp_may_16_2023)
10:33:27 2318705 Wrk-0.0 | Info in <TEventIter::TEventIter>: fPackets list 'ProcessedPackets_0.0' created
10:33:27 2318705 Wrk-0.0 | Info in <TProofPlayerSlave::Process>: save partial results? 0  per-packet? 0
10:33:30 2318705 Wrk-0.0 | Info in <TEventIterTree::GetTrees>: the tree cache is in learning phase
Init called with tree=0x6a45820
10:33:42 2318705 Wrk-0.0 | Info in <TXProofServ::RestartComputeTime>: compute time restarted after 12.374194 secs (100 entries)
Init called with tree=0x7925660
Init called with tree=0x6a7e690
Init called with tree=0x7617670
Init called with tree=0x6a7a880
Init called with tree=0x6a83c90
Init called with tree=0x769ff40
230616 10:38:05 2321218Xrd: XrdClientMessage::ReadRaw: Failed to read header (8 bytes).
230616 10:38:05 2321206Xrd: XrdClientMessage::ReadRaw: Failed to read header (8 bytes).
230616 10:38:05 2321219Xrd: XrdClientMessage::ReadRaw: Failed to read header (8 bytes).
230616 10:38:05 2321208Xrd: XrdClientMessage::ReadRaw: Failed to read header (8 bytes).
230616 10:38:05 2321220Xrd: XrdClientMessage::ReadRaw: Failed to read header (8 bytes).
230616 10:38:05 2321223Xrd: XrdClientMessage::ReadRaw: Failed to read header (8 bytes).
230616 10:38:05 2321202Xrd: XrdClientMessage::ReadRaw: Failed to read header (8 bytes).
230616 10:38:05 2321211Xrd: XrdClientMessage::ReadRaw: Failed to read header (8 bytes).
230616 10:38:05 2321217Xrd: XrdClientMessage::ReadRaw: Failed to read header (8 bytes).
230616 10:38:05 2321227Xrd: XrdClientMessage::ReadRaw: Failed to read header (8 bytes).
230616 10:38:05 2321205Xrd: XrdClientMessage::ReadRaw: Failed to read header (8 bytes).
230616 10:38:12 2321986Xrd: XrdClientMessage::ReadRaw: Failed to read header (8 bytes).
Init called with tree=0x783de70
230616 10:39:05 2321214Xrd: XrdClientMessage::ReadRaw: Failed to read header (8 bytes).
Init called with tree=0x6a99f80
230616 10:40:05 2322055Xrd: XrdClientMessage::ReadRaw: Failed to read header (8 bytes).
230616 10:40:05 2322932Xrd: XrdClientMessage::ReadRaw: Failed to read header (8 bytes).
Init called with tree=0x6a64f40
Init called with tree=0x7924d30
230616 10:41:05 2323244Xrd: XrdClientMessage::ReadRaw: Failed to read header (8 bytes).
230616 10:41:05 2324044Xrd: XrdClientMessage::ReadRaw: Failed to read header (8 bytes).
Init called with tree=0x6a537a0
230616 10:42:05 2324047Xrd: XrdClientMessage::ReadRaw: Failed to read header (8 bytes).
Init called with tree=0x79a5bf0
Init called with tree=0x77b65c0
230616 10:43:20 2324699Xrd: XrdClientMessage::ReadRaw: Failed to read header (8 bytes).
Init called with tree=0x58fcc70
Init called with tree=0x6523d80
230616 10:44:34 2325229Xrd: XrdClientMessage::ReadRaw: Failed to read header (8 bytes).
230616 10:45:35 2326019Xrd: XrdClientMessage::ReadRaw: Failed to read header (8 bytes).
Init called with tree=0x5ed29c0
230616 10:46:35 2326843Xrd: XrdClientMessage::ReadRaw: Failed to read header (8 bytes).
Init called with tree=0x76a2e50
230616 10:47:35 2327214Xrd: XrdClientMessage::ReadRaw: Failed to read header (8 bytes).
Init called with tree=0x70a1290
230616 10:48:35 2328087Xrd: XrdClientMessage::ReadRaw: Failed to read header (8 bytes).
Init called with tree=0x6a96ae0
230616 10:48:43 2328930Xrd: XrdClientMessage::ReadRaw: Failed to read header (8 bytes).
Init called with tree=0xb3e15b0
230616 10:51:05 2328950Xrd: XrdClientMessage::ReadRaw: Failed to read header (8 bytes).
Init called with tree=0xdf73570
Init called with tree=0x7548d80
Init called with tree=0xfdf1c50
230616 10:52:14 2330123Xrd: XrdClientMessage::ReadRaw: Failed to read header (8 bytes).
Init called with tree=0x76a2b00
230616 10:53:19 2331260Xrd: XrdClientMessage::ReadRaw: Failed to read header (8 bytes).
230616 10:54:05 2332080Xrd: XrdClientMessage::ReadRaw: Failed to read header (8 bytes).
Init called with tree=0xa35a840
230616 10:55:05 2332126Xrd: XrdClientMessage::ReadRaw: Failed to read header (8 bytes).
Init called with tree=0x76a2b00
Init called with tree=0xfb594d0
230616 10:56:22 2334087Xrd: XrdClientMessage::ReadRaw: Failed to read header (8 bytes).
230616 10:56:22 2332951Xrd: XrdClientMessage::ReadRaw: Failed to read header (8 bytes).
Init called with tree=0x6a28730
230616 10:57:27 2334097Xrd: XrdClientMessage::ReadRaw: Failed to read header (8 bytes).
Init called with tree=0x6a82fa0
230616 10:58:35 2334906Xrd: XrdClientMessage::ReadRaw: Failed to read header (8 bytes).
230616 10:59:35 2335298Xrd: XrdClientMessage::ReadRaw: Failed to read header (8 bytes).
230616 11:00:35 2336108Xrd: XrdClientMessage::ReadRaw: Failed to read header (8 bytes).
230616 11:01:35 2336926Xrd: XrdClientMessage::ReadRaw: Failed to read header (8 bytes).
230616 11:02:35 2337321Xrd: XrdClientMessage::ReadRaw: Failed to read header (8 bytes).
230616 11:03:05 2338131Xrd: XrdClientMessage::ReadRaw: Failed to read header (8 bytes).
230616 11:03:35 2338156Xrd: XrdClientMessage::ReadRaw: Failed to read header (8 bytes).
// --------- End of element log -------------------


// --------- Start of element log -----------------

// Ordinal: 0.1 (role: worker)

// Path: mcintyre@stat21.phys.uconn.edu:1097//home/www/docs/proof/work/1097/mcintyre/session-stat31-1686925700-3082791/worker-0.1-stat21.log 
// # of retrieved lines: 0 


// ------------------------------------------------

// --------- End of element log -------------------


// --------- Start of element log -----------------

// Ordinal: 0.2 (role: worker)

// Path: mcintyre@stat21.phys.uconn.edu:1097//home/www/docs/proof/work/1097/mcintyre/session-stat31-1686925700-3082791/worker-0.2-stat21.log 
// # of retrieved lines: 0 


// ------------------------------------------------

// --------- End of element log -------------------


// --------- Start of element log -----------------

// Ordinal: 0.3 (role: worker)

// Path: mcintyre@stat20.phys.uconn.edu:1097//home/www/docs/proof/work/1097/mcintyre/session-stat31-1686925700-3082791/worker-0.3-stat20.log 
// # of retrieved lines: 0 


// ------------------------------------------------

// --------- End of element log -------------------


// --------- Start of element log -----------------

// Ordinal: 0.4 (role: worker)

// Path: mcintyre@stat20.phys.uconn.edu:1097//home/www/docs/proof/work/1097/mcintyre/session-stat31-1686925700-3082791/worker-0.4-stat20.log 
// # of retrieved lines: 0 


// ------------------------------------------------

// --------- End of element log -------------------


// --------- Start of element log -----------------

// Ordinal: 0.5 (role: worker)

// Path: mcintyre@stat20.phys.uconn.edu:1097//home/www/docs/proof/work/1097/mcintyre/session-stat31-1686925700-3082791/worker-0.5-stat20.log 
// # of retrieved lines: 0 


// ------------------------------------------------

// --------- End of element log -------------------


// --------- Start of element log -----------------

// Ordinal: 0.6 (role: worker)

// Path: mcintyre@stat23.phys.uconn.edu:1097//home/www/docs/proof/work/1097/mcintyre/session-stat31-1686925700-3082791/worker-0.6-stat23.log 
// # of retrieved lines: 0 


// ------------------------------------------------

// --------- End of element log -------------------


// --------- Start of element log -----------------

// Ordinal: 0.7 (role: worker)

// Path: mcintyre@stat23.phys.uconn.edu:1097//home/www/docs/proof/work/1097/mcintyre/session-stat31-1686925700-3082791/worker-0.7-stat23.log 
// # of retrieved lines: 0 


// ------------------------------------------------

// --------- End of element log -------------------


// --------- Start of element log -----------------

// Ordinal: 0.8 (role: worker)

// Path: mcintyre@stat23.phys.uconn.edu:1097//home/www/docs/proof/work/1097/mcintyre/session-stat31-1686925700-3082791/worker-0.8-stat23.log 
// # of retrieved lines: 0 


// ------------------------------------------------

// --------- End of element log -------------------


// --------- Start of element log -----------------

// Ordinal: 0.9 (role: worker)

// Path: mcintyre@stat3.phys.uconn.edu:1097//home/www/docs/proof/work/1097/mcintyre/session-stat31-1686925700-3082791/worker-0.9-stat3.log 
// # of retrieved lines: 0 


// ------------------------------------------------

// --------- End of element log -------------------


// --------- Start of element log -----------------

// Ordinal: 0.10 (role: worker)

// Path: mcintyre@stat3.phys.uconn.edu:1097//home/www/docs/proof/work/1097/mcintyre/session-stat31-1686925700-3082791/worker-0.10-stat3.log 
// # of retrieved lines: 0 


// ------------------------------------------------

// --------- End of element log -------------------


// --------- Start of element log -----------------

// Ordinal: 0.11 (role: worker)

// Path: mcintyre@stat3.phys.uconn.edu:1097//home/www/docs/proof/work/1097/mcintyre/session-stat31-1686925700-3082791/worker-0.11-stat3.log 
// # of retrieved lines: 0 


// ------------------------------------------------

// --------- End of element log -------------------


// --------- Start of element log -----------------

// Ordinal: 0.12 (role: worker)

// Path: mcintyre@stat22.phys.uconn.edu:1097//home/www/docs/proof/work/1097/mcintyre/session-stat31-1686925700-3082791/worker-0.12-stat22.log 
// # of retrieved lines: 0 


// ------------------------------------------------

// --------- End of element log -------------------


// --------- Start of element log -----------------

// Ordinal: 0.13 (role: worker)

// Path: mcintyre@stat22.phys.uconn.edu:1097//home/www/docs/proof/work/1097/mcintyre/session-stat31-1686925700-3082791/worker-0.13-stat22.log 
// # of retrieved lines: 0 


// ------------------------------------------------

// --------- End of element log -------------------


// --------- Start of element log -----------------

// Ordinal: 0.14 (role: worker)

// Path: mcintyre@stat22.phys.uconn.edu:1097//home/www/docs/proof/work/1097/mcintyre/session-stat31-1686925700-3082791/worker-0.14-stat22.log 
// # of retrieved lines: 0 


// ------------------------------------------------

// --------- End of element log -------------------


// --------- Start of element log -----------------

// Ordinal: 0.15 (role: worker)

// Path: mcintyre@stat110.phys.uconn.edu:1097//home/www/docs/proof/work/1097/mcintyre/session-stat31-1686925700-3082791/worker-0.15-stat110.log 
// # of retrieved lines: 0 


// ------------------------------------------------

// --------- End of element log -------------------


// --------- Start of element log -----------------

// Ordinal: 0.16 (role: worker)

// Path: mcintyre@stat110.phys.uconn.edu:1097//home/www/docs/proof/work/1097/mcintyre/session-stat31-1686925700-3082791/worker-0.16-stat110.log 
// # of retrieved lines: 0 


// ------------------------------------------------

// --------- End of element log -------------------


// --------- Start of element log -----------------

// Ordinal: 0.17 (role: worker)

// Path: mcintyre@stat110.phys.uconn.edu:1097//home/www/docs/proof/work/1097/mcintyre/session-stat31-1686925700-3082791/worker-0.17-stat110.log 
// # of retrieved lines: 0 


// ------------------------------------------------

// --------- End of element log -------------------


// --------- Start of element log -----------------

// Ordinal: 0.18 (role: worker)

// Path: mcintyre@stat2.phys.uconn.edu:1097//home/www/docs/proof/work/1097/mcintyre/session-stat31-1686925700-3082791/worker-0.18-stat2.log 
// # of retrieved lines: 0 


// ------------------------------------------------

// --------- End of element log -------------------


// --------- Start of element log -----------------

// Ordinal: 0.19 (role: worker)

// Path: mcintyre@stat2.phys.uconn.edu:1097//home/www/docs/proof/work/1097/mcintyre/session-stat31-1686925700-3082791/worker-0.19-stat2.log 
// # of retrieved lines: 0 


// ------------------------------------------------

// --------- End of element log -------------------


// --------- Start of element log -----------------

// Ordinal: 0.20 (role: worker)

// Path: mcintyre@stat2.phys.uconn.edu:1097//home/www/docs/proof/work/1097/mcintyre/session-stat31-1686925700-3082791/worker-0.20-stat2.log 
// # of retrieved lines: 0 


// ------------------------------------------------

// --------- End of element log -------------------


// --------- Start of element log -----------------

// Ordinal: 0.21 (role: worker)

// Path: mcintyre@stat6.phys.uconn.edu:1097//home/www/docs/proof/work/1097/mcintyre/session-stat31-1686925700-3082791/worker-0.21-stat6.log 
// # of retrieved lines: 0 


// ------------------------------------------------

// --------- End of element log -------------------


// --------- Start of element log -----------------

// Ordinal: 0.22 (role: worker)

// Path: mcintyre@stat6.phys.uconn.edu:1097//home/www/docs/proof/work/1097/mcintyre/session-stat31-1686925700-3082791/worker-0.22-stat6.log 
// # of retrieved lines: 0 


// ------------------------------------------------

// --------- End of element log -------------------


// --------- Start of element log -----------------

// Ordinal: 0.23 (role: worker)

// Path: mcintyre@stat6.phys.uconn.edu:1097//home/www/docs/proof/work/1097/mcintyre/session-stat31-1686925700-3082791/worker-0.23-stat6.log 
// # of retrieved lines: 0 


// ------------------------------------------------

// --------- End of element log -------------------


// --------- Start of element log -----------------

// Ordinal: 0.24 (role: worker)

// Path: mcintyre@stat30.phys.uconn.edu:1097//home/www/docs/proof/work/1097/mcintyre/session-stat31-1686925700-3082791/worker-0.24-stat30.log 
// # of retrieved lines: 0 


// ------------------------------------------------

// --------- End of element log -------------------


// --------- Start of element log -----------------

// Ordinal: 0.25 (role: worker)

// Path: mcintyre@stat30.phys.uconn.edu:1097//home/www/docs/proof/work/1097/mcintyre/session-stat31-1686925700-3082791/worker-0.25-stat30.log 
// # of retrieved lines: 0 


// ------------------------------------------------

// --------- End of element log -------------------


// --------- Start of element log -----------------

// Ordinal: 0.26 (role: worker)

// Path: mcintyre@stat30.phys.uconn.edu:1097//home/www/docs/proof/work/1097/mcintyre/session-stat31-1686925700-3082791/worker-0.26-stat30.log 
// # of retrieved lines: 0 


// ------------------------------------------------

// --------- End of element log -------------------


// --------- Start of element log -----------------

// Ordinal: 0.27 (role: worker)

// Path: mcintyre@stat19.phys.uconn.edu:1097//home/www/docs/proof/work/1097/mcintyre/session-stat31-1686925700-3082791/worker-0.27-stat19.log 
// # of retrieved lines: 0 


// ------------------------------------------------

// --------- End of element log -------------------


// --------- Start of element log -----------------

// Ordinal: 0.28 (role: worker)

// Path: mcintyre@stat19.phys.uconn.edu:1097//home/www/docs/proof/work/1097/mcintyre/session-stat31-1686925700-3082791/worker-0.28-stat19.log 
// # of retrieved lines: 0 


// ------------------------------------------------

// --------- End of element log -------------------


// --------- Start of element log -----------------

// Ordinal: 0.29 (role: worker)

// Path: mcintyre@stat19.phys.uconn.edu:1097//home/www/docs/proof/work/1097/mcintyre/session-stat31-1686925700-3082791/worker-0.29-stat19.log 
// # of retrieved lines: 0 


// ------------------------------------------------

// --------- End of element log -------------------


// --------- Start of element log -----------------

// Ordinal: 0.30 (role: worker)

// Path: mcintyre@stat18.phys.uconn.edu:1097//home/www/docs/proof/work/1097/mcintyre/session-stat31-1686925700-3082791/worker-0.30-stat18.log 
// # of retrieved lines: 0 


// ------------------------------------------------

// --------- End of element log -------------------


// --------- Start of element log -----------------

// Ordinal: 0.31 (role: worker)

// Path: mcintyre@stat18.phys.uconn.edu:1097//home/www/docs/proof/work/1097/mcintyre/session-stat31-1686925700-3082791/worker-0.31-stat18.log 
// # of retrieved lines: 0 


// ------------------------------------------------

// --------- End of element log -------------------


// --------- Start of element log -----------------

// Ordinal: 0.32 (role: worker)

// Path: mcintyre@stat18.phys.uconn.edu:1097//home/www/docs/proof/work/1097/mcintyre/session-stat31-1686925700-3082791/worker-0.32-stat18.log 
// # of retrieved lines: 0 


// ------------------------------------------------

// --------- End of element log -------------------


// --------- Start of element log -----------------

// Ordinal: 0.33 (role: worker)

// Path: mcintyre@stat17.phys.uconn.edu:1097//home/www/docs/proof/work/1097/mcintyre/session-stat31-1686925700-3082791/worker-0.33-stat17.log 
// # of retrieved lines: 0 


// ------------------------------------------------

// --------- End of element log -------------------


// --------- Start of element log -----------------

// Ordinal: 0.34 (role: worker)

// Path: mcintyre@stat17.phys.uconn.edu:1097//home/www/docs/proof/work/1097/mcintyre/session-stat31-1686925700-3082791/worker-0.34-stat17.log 
// # of retrieved lines: 0 


// ------------------------------------------------

// --------- End of element log -------------------


// --------- Start of element log -----------------

// Ordinal: 0.35 (role: worker)

// Path: mcintyre@stat17.phys.uconn.edu:1097//home/www/docs/proof/work/1097/mcintyre/session-stat31-1686925700-3082791/worker-0.35-stat17.log 
// # of retrieved lines: 0 


// ------------------------------------------------

// --------- End of element log -------------------


// --------- Start of element log -----------------

// Ordinal: 0.36 (role: worker)

// Path: mcintyre@stat16.phys.uconn.edu:1097//home/www/docs/proof/work/1097/mcintyre/session-stat31-1686925700-3082791/worker-0.36-stat16.log 
// # of retrieved lines: 0 


// ------------------------------------------------

// --------- End of element log -------------------


// --------- Start of element log -----------------

// Ordinal: 0.37 (role: worker)

// Path: mcintyre@stat16.phys.uconn.edu:1097//home/www/docs/proof/work/1097/mcintyre/session-stat31-1686925700-3082791/worker-0.37-stat16.log 
// # of retrieved lines: 0 


// ------------------------------------------------

// --------- End of element log -------------------


// --------- Start of element log -----------------

// Ordinal: 0.38 (role: worker)

// Path: mcintyre@stat16.phys.uconn.edu:1097//home/www/docs/proof/work/1097/mcintyre/session-stat31-1686925700-3082791/worker-0.38-stat16.log 
// # of retrieved lines: 0 


// ------------------------------------------------

// --------- End of element log -------------------


// --------- Start of element log -----------------

// Ordinal: 0.39 (role: worker)

// Path: mcintyre@stat15.phys.uconn.edu:1097//home/www/docs/proof/work/1097/mcintyre/session-stat31-1686925700-3082791/worker-0.39-stat15.log 
// # of retrieved lines: 0 


// ------------------------------------------------

// --------- End of element log -------------------


// --------- Start of element log -----------------

// Ordinal: 0.40 (role: worker)

// Path: mcintyre@stat15.phys.uconn.edu:1097//home/www/docs/proof/work/1097/mcintyre/session-stat31-1686925700-3082791/worker-0.40-stat15.log 
// # of retrieved lines: 0 


// ------------------------------------------------

// --------- End of element log -------------------


// --------- Start of element log -----------------

// Ordinal: 0.41 (role: worker)

// Path: mcintyre@stat15.phys.uconn.edu:1097//home/www/docs/proof/work/1097/mcintyre/session-stat31-1686925700-3082791/worker-0.41-stat15.log 
// # of retrieved lines: 0 


// ------------------------------------------------

// --------- End of element log -------------------


// --------- Start of element log -----------------

// Ordinal: 0.42 (role: worker)

// Path: mcintyre@stat14.phys.uconn.edu:1097//home/www/docs/proof/work/1097/mcintyre/session-stat31-1686925700-3082791/worker-0.42-stat14.log 
// # of retrieved lines: 0 


// ------------------------------------------------

// --------- End of element log -------------------


// --------- Start of element log -----------------

// Ordinal: 0.43 (role: worker)

// Path: mcintyre@stat14.phys.uconn.edu:1097//home/www/docs/proof/work/1097/mcintyre/session-stat31-1686925700-3082791/worker-0.43-stat14.log 
// # of retrieved lines: 0 


// ------------------------------------------------

// --------- End of element log -------------------


// --------- Start of element log -----------------

// Ordinal: 0.44 (role: worker)

// Path: mcintyre@stat14.phys.uconn.edu:1097//home/www/docs/proof/work/1097/mcintyre/session-stat31-1686925700-3082791/worker-0.44-stat14.log 
// # of retrieved lines: 0 


// ------------------------------------------------

// --------- End of element log -------------------


// --------- Start of element log -----------------

// Ordinal: 0.45 (role: worker)

// Path: mcintyre@stat13.phys.uconn.edu:1097//home/www/docs/proof/work/1097/mcintyre/session-stat31-1686925700-3082791/worker-0.45-stat13.log 
// # of retrieved lines: 0 


// ------------------------------------------------

// --------- End of element log -------------------


// --------- Start of element log -----------------

// Ordinal: 0.46 (role: worker)

// Path: mcintyre@stat13.phys.uconn.edu:1097//home/www/docs/proof/work/1097/mcintyre/session-stat31-1686925700-3082791/worker-0.46-stat13.log 
// # of retrieved lines: 0 


// ------------------------------------------------

// --------- End of element log -------------------


// --------- Start of element log -----------------

// Ordinal: 0.47 (role: worker)

// Path: mcintyre@stat13.phys.uconn.edu:1097//home/www/docs/proof/work/1097/mcintyre/session-stat31-1686925700-3082791/worker-0.47-stat13.log 
// # of retrieved lines: 0 


// ------------------------------------------------

// --------- End of element log -------------------


// --------- Start of element log -----------------

// Ordinal: 0.48 (role: worker)

// Path: mcintyre@stat12.phys.uconn.edu:1097//home/www/docs/proof/work/1097/mcintyre/session-stat31-1686925700-3082791/worker-0.48-stat12.log 
// # of retrieved lines: 0 


// ------------------------------------------------

// --------- End of element log -------------------


// --------- Start of element log -----------------

// Ordinal: 0.49 (role: worker)

// Path: mcintyre@stat12.phys.uconn.edu:1097//home/www/docs/proof/work/1097/mcintyre/session-stat31-1686925700-3082791/worker-0.49-stat12.log 
// # of retrieved lines: 0 


// ------------------------------------------------

// --------- End of element log -------------------


// --------- Start of element log -----------------

// Ordinal: 0.50 (role: worker)

// Path: mcintyre@stat12.phys.uconn.edu:1097//home/www/docs/proof/work/1097/mcintyre/session-stat31-1686925700-3082791/worker-0.50-stat12.log 
// # of retrieved lines: 0 


// ------------------------------------------------

// --------- End of element log -------------------


// --------- Start of element log -----------------

// Ordinal: 0.51 (role: worker)

// Path: mcintyre@stat11.phys.uconn.edu:1097//home/www/docs/proof/work/1097/mcintyre/session-stat31-1686925700-3082791/worker-0.51-stat11.log 
// # of retrieved lines: 0 


// ------------------------------------------------

// --------- End of element log -------------------


// --------- Start of element log -----------------

// Ordinal: 0.52 (role: worker)

// Path: mcintyre@stat11.phys.uconn.edu:1097//home/www/docs/proof/work/1097/mcintyre/session-stat31-1686925700-3082791/worker-0.52-stat11.log 
// # of retrieved lines: 0 


// ------------------------------------------------

// --------- End of element log -------------------


// --------- Start of element log -----------------

// Ordinal: 0.53 (role: worker)

// Path: mcintyre@stat11.phys.uconn.edu:1097//home/www/docs/proof/work/1097/mcintyre/session-stat31-1686925700-3082791/worker-0.53-stat11.log 
// # of retrieved lines: 0 


// ------------------------------------------------

// --------- End of element log -------------------


// --------- Start of element log -----------------

// Ordinal: 0.54 (role: worker)

// Path: mcintyre@stat10.phys.uconn.edu:1097//home/www/docs/proof/work/1097/mcintyre/session-stat31-1686925700-3082791/worker-0.54-stat10.log 
// # of retrieved lines: 0 


// ------------------------------------------------

// --------- End of element log -------------------


// --------- Start of element log -----------------

// Ordinal: 0.55 (role: worker)

// Path: mcintyre@stat10.phys.uconn.edu:1097//home/www/docs/proof/work/1097/mcintyre/session-stat31-1686925700-3082791/worker-0.55-stat10.log 
// # of retrieved lines: 0 


// ------------------------------------------------

// --------- End of element log -------------------


// --------- Start of element log -----------------

// Ordinal: 0.56 (role: worker)

// Path: mcintyre@stat10.phys.uconn.edu:1097//home/www/docs/proof/work/1097/mcintyre/session-stat31-1686925700-3082791/worker-0.56-stat10.log 
// # of retrieved lines: 0 


// ------------------------------------------------

// --------- End of element log -------------------


// --------- Start of element log -----------------

// Ordinal: 0.57 (role: worker)

// Path: mcintyre@stat7.phys.uconn.edu:1097//home/www/docs/proof/work/1097/mcintyre/session-stat31-1686925700-3082791/worker-0.57-stat7.log 
// # of retrieved lines: 0 


// ------------------------------------------------

// --------- End of element log -------------------


// --------- Start of element log -----------------

// Ordinal: 0.58 (role: worker)

// Path: mcintyre@stat7.phys.uconn.edu:1097//home/www/docs/proof/work/1097/mcintyre/session-stat31-1686925700-3082791/worker-0.58-stat7.log 
// # of retrieved lines: 0 


// ------------------------------------------------

// --------- End of element log -------------------


// --------- Start of element log -----------------

// Ordinal: 0.59 (role: worker)

// Path: mcintyre@stat7.phys.uconn.edu:1097//home/www/docs/proof/work/1097/mcintyre/session-stat31-1686925700-3082791/worker-0.59-stat7.log 
// # of retrieved lines: 0 


// ------------------------------------------------

// --------- End of element log -------------------


// --------- Start of element log -----------------

// Ordinal: 0.60 (role: worker)

// Path: mcintyre@stat5.phys.uconn.edu:1097//home/www/docs/proof/work/1097/mcintyre/session-stat31-1686925700-3082791/worker-0.60-stat5.log 
// # of retrieved lines: 0 


// ------------------------------------------------

// --------- End of element log -------------------


// --------- Start of element log -----------------

// Ordinal: 0.61 (role: worker)

// Path: mcintyre@stat5.phys.uconn.edu:1097//home/www/docs/proof/work/1097/mcintyre/session-stat31-1686925700-3082791/worker-0.61-stat5.log 
// # of retrieved lines: 0 


// ------------------------------------------------

// --------- End of element log -------------------


// --------- Start of element log -----------------

// Ordinal: 0.62 (role: worker)

// Path: mcintyre@stat5.phys.uconn.edu:1097//home/www/docs/proof/work/1097/mcintyre/session-stat31-1686925700-3082791/worker-0.62-stat5.log 
// # of retrieved lines: 0 


// ------------------------------------------------

// --------- End of element log -------------------


// --------- Start of element log -----------------

// Ordinal: 0.63 (role: worker)

// Path: mcintyre@stat4.phys.uconn.edu:1097//home/www/docs/proof/work/1097/mcintyre/session-stat31-1686925700-3082791/worker-0.63-stat4.log 
// # of retrieved lines: 0 


// ------------------------------------------------

// --------- End of element log -------------------


// --------- Start of element log -----------------

// Ordinal: 0.64 (role: worker)

// Path: mcintyre@stat4.phys.uconn.edu:1097//home/www/docs/proof/work/1097/mcintyre/session-stat31-1686925700-3082791/worker-0.64-stat4.log 
// # of retrieved lines: 0 


// ------------------------------------------------

// --------- End of element log -------------------


// --------- Start of element log -----------------

// Ordinal: 0.65 (role: worker)

// Path: mcintyre@stat4.phys.uconn.edu:1097//home/www/docs/proof/work/1097/mcintyre/session-stat31-1686925700-3082791/worker-0.65-stat4.log 
// # of retrieved lines: 0 


// ------------------------------------------------

// --------- End of element log -------------------


// --------- Start of element log -----------------

// Ordinal: 0.66 (role: worker)

// Path: mcintyre@stat1.phys.uconn.edu:1097//home/www/docs/proof/work/1097/mcintyre/session-stat31-1686925700-3082791/worker-0.66-stat1.log 
// # of retrieved lines: 0 


// ------------------------------------------------

// --------- End of element log -------------------


// --------- Start of element log -----------------

// Ordinal: 0.67 (role: worker)

// Path: mcintyre@stat1.phys.uconn.edu:1097//home/www/docs/proof/work/1097/mcintyre/session-stat31-1686925700-3082791/worker-0.67-stat1.log 
// # of retrieved lines: 0 


// ------------------------------------------------

// --------- End of element log -------------------


// --------- Start of element log -----------------

// Ordinal: 0.68 (role: worker)

// Path: mcintyre@stat1.phys.uconn.edu:1097//home/www/docs/proof/work/1097/mcintyre/session-stat31-1686925700-3082791/worker-0.68-stat1.log 
// # of retrieved lines: 0 


// ------------------------------------------------

// --------- End of element log -------------------


// --------- Start of element log -----------------

// Ordinal: 0.69 (role: worker)

// Path: mcintyre@stat0.phys.uconn.edu:1097//home/www/docs/proof/work/1097/mcintyre/session-stat31-1686925700-3082791/worker-0.69-stat0.log 
// # of retrieved lines: 0 


// ------------------------------------------------

// --------- End of element log -------------------


// --------- Start of element log -----------------

// Ordinal: 0.70 (role: worker)

// Path: mcintyre@stat0.phys.uconn.edu:1097//home/www/docs/proof/work/1097/mcintyre/session-stat31-1686925700-3082791/worker-0.70-stat0.log 
// # of retrieved lines: 0 


// ------------------------------------------------

// --------- End of element log -------------------


// --------- Start of element log -----------------

// Ordinal: 0.71 (role: worker)

// Path: mcintyre@stat0.phys.uconn.edu:1097//home/www/docs/proof/work/1097/mcintyre/session-stat31-1686925700-3082791/worker-0.71-stat0.log 
// # of retrieved lines: 0 


// ------------------------------------------------

// --------- End of element log -------------------


// --------- Start of element log -----------------

// Ordinal: 0.72 (role: worker)

// Path: mcintyre@stat24.phys.uconn.edu:1097//home/www/docs/proof/work/1097/mcintyre/session-stat31-1686925700-3082791/worker-0.72-stat24.log 
// # of retrieved lines: 0 


// ------------------------------------------------

// --------- End of element log -------------------


// --------- Start of element log -----------------

// Ordinal: 0.73 (role: worker)

// Path: mcintyre@stat24.phys.uconn.edu:1097//home/www/docs/proof/work/1097/mcintyre/session-stat31-1686925700-3082791/worker-0.73-stat24.log 
// # of retrieved lines: 0 


// ------------------------------------------------

// --------- End of element log -------------------


// --------- Start of element log -----------------

// Ordinal: 0.74 (role: worker)

// Path: mcintyre@stat24.phys.uconn.edu:1097//home/www/docs/proof/work/1097/mcintyre/session-stat31-1686925700-3082791/worker-0.74-stat24.log 
// # of retrieved lines: 0 


// ------------------------------------------------

// --------- End of element log -------------------


// --------- Start of element log -----------------

// Ordinal: 0.75 (role: worker)

// Path: mcintyre@stat9.phys.uconn.edu:1097//home/www/docs/proof/work/1097/mcintyre/session-stat31-1686925700-3082791/worker-0.75-stat9.log 
// # of retrieved lines: 0 


// ------------------------------------------------

// --------- End of element log -------------------


// --------- Start of element log -----------------

// Ordinal: 0.76 (role: worker)

// Path: mcintyre@stat9.phys.uconn.edu:1097//home/www/docs/proof/work/1097/mcintyre/session-stat31-1686925700-3082791/worker-0.76-stat9.log 
// # of retrieved lines: 0 


// ------------------------------------------------

// --------- End of element log -------------------


// --------- Start of element log -----------------

// Ordinal: 0.77 (role: worker)

// Path: mcintyre@stat9.phys.uconn.edu:1097//home/www/docs/proof/work/1097/mcintyre/session-stat31-1686925700-3082791/worker-0.77-stat9.log 
// # of retrieved lines: 0 


// ------------------------------------------------

// --------- End of element log -------------------


// --------- Start of element log -----------------

// Ordinal: 0.78 (role: worker)

// Path: mcintyre@stat8.phys.uconn.edu:1097//home/www/docs/proof/work/1097/mcintyre/session-stat31-1686925700-3082791/worker-0.78-stat8.log 
// # of retrieved lines: 0 


// ------------------------------------------------

// --------- End of element log -------------------


// --------- Start of element log -----------------

// Ordinal: 0.79 (role: worker)

// Path: mcintyre@stat8.phys.uconn.edu:1097//home/www/docs/proof/work/1097/mcintyre/session-stat31-1686925700-3082791/worker-0.79-stat8.log 
// # of retrieved lines: 0 


// ------------------------------------------------

// --------- End of element log -------------------


// --------- Start of element log -----------------

// Ordinal: 0.80 (role: worker)

// Path: mcintyre@stat8.phys.uconn.edu:1097//home/www/docs/proof/work/1097/mcintyre/session-stat31-1686925700-3082791/worker-0.80-stat8.log 
// # of retrieved lines: 0 


// ------------------------------------------------

// --------- End of element log -------------------


// --------- Start of element log -----------------

// Ordinal: 0.81 (role: worker)

// Path: mcintyre@stat25.phys.uconn.edu:1097//home/www/docs/proof/work/1097/mcintyre/session-stat31-1686925700-3082791/worker-0.81-stat25.log 
// # of retrieved lines: 0 


// ------------------------------------------------

// --------- End of element log -------------------


// --------- Start of element log -----------------

// Ordinal: 0.82 (role: worker)

// Path: mcintyre@stat25.phys.uconn.edu:1097//home/www/docs/proof/work/1097/mcintyre/session-stat31-1686925700-3082791/worker-0.82-stat25.log 
// # of retrieved lines: 0 


// ------------------------------------------------

// --------- End of element log -------------------


// --------- Start of element log -----------------

// Ordinal: 0.83 (role: worker)

// Path: mcintyre@stat25.phys.uconn.edu:1097//home/www/docs/proof/work/1097/mcintyre/session-stat31-1686925700-3082791/worker-0.83-stat25.log 
// # of retrieved lines: 0 


// ------------------------------------------------

// --------- End of element log -------------------


// --------- Start of element log -----------------

// Ordinal: 0.84 (role: worker)

// Path: mcintyre@stat108.phys.uconn.edu:1097//home/www/docs/proof/work/1097/mcintyre/session-stat31-1686925700-3082791/worker-0.84-stat108.log 
// # of retrieved lines: 0 


// ------------------------------------------------

// --------- End of element log -------------------


// --------- Start of element log -----------------

// Ordinal: 0.85 (role: worker)

// Path: mcintyre@stat108.phys.uconn.edu:1097//home/www/docs/proof/work/1097/mcintyre/session-stat31-1686925700-3082791/worker-0.85-stat108.log 
// # of retrieved lines: 0 


// ------------------------------------------------

// --------- End of element log -------------------


// --------- Start of element log -----------------

// Ordinal: 0.86 (role: worker)

// Path: mcintyre@stat108.phys.uconn.edu:1097//home/www/docs/proof/work/1097/mcintyre/session-stat31-1686925700-3082791/worker-0.86-stat108.log 
// # of retrieved lines: 0 


// ------------------------------------------------

// --------- End of element log -------------------


// --------- Start of element log -----------------

// Ordinal: 0.87 (role: worker)

// Path: mcintyre@stat104.phys.uconn.edu:1097//home/www/docs/proof/work/1097/mcintyre/session-stat31-1686925700-3082791/worker-0.87-stat104.log 
// # of retrieved lines: 0 


// ------------------------------------------------

// --------- End of element log -------------------


// --------- Start of element log -----------------

// Ordinal: 0.88 (role: worker)

// Path: mcintyre@stat104.phys.uconn.edu:1097//home/www/docs/proof/work/1097/mcintyre/session-stat31-1686925700-3082791/worker-0.88-stat104.log 
// # of retrieved lines: 0 


// ------------------------------------------------

// --------- End of element log -------------------


// --------- Start of element log -----------------

// Ordinal: 0.89 (role: worker)

// Path: mcintyre@stat104.phys.uconn.edu:1097//home/www/docs/proof/work/1097/mcintyre/session-stat31-1686925700-3082791/worker-0.89-stat104.log 
// # of retrieved lines: 0 


// ------------------------------------------------

// --------- End of element log -------------------


// --------- Start of element log -----------------

// Ordinal: 0.90 (role: worker)

// Path: mcintyre@stat105.phys.uconn.edu:1097//home/www/docs/proof/work/1097/mcintyre/session-stat31-1686925700-3082791/worker-0.90-stat105.log 
// # of retrieved lines: 0 


// ------------------------------------------------

// --------- End of element log -------------------


// --------- Start of element log -----------------

// Ordinal: 0.91 (role: worker)

// Path: mcintyre@stat105.phys.uconn.edu:1097//home/www/docs/proof/work/1097/mcintyre/session-stat31-1686925700-3082791/worker-0.91-stat105.log 
// # of retrieved lines: 0 


// ------------------------------------------------

// --------- End of element log -------------------


// --------- Start of element log -----------------

// Ordinal: 0.92 (role: worker)

// Path: mcintyre@stat105.phys.uconn.edu:1097//home/www/docs/proof/work/1097/mcintyre/session-stat31-1686925700-3082791/worker-0.92-stat105.log 
// # of retrieved lines: 0 


// ------------------------------------------------

// --------- End of element log -------------------


// --------- Start of element log -----------------

// Ordinal: 0.93 (role: worker)

// Path: mcintyre@stat106.phys.uconn.edu:1097//home/www/docs/proof/work/1097/mcintyre/session-stat31-1686925700-3082791/worker-0.93-stat106.log 
// # of retrieved lines: 0 


// ------------------------------------------------

// --------- End of element log -------------------


// --------- Start of element log -----------------

// Ordinal: 0.94 (role: worker)

// Path: mcintyre@stat106.phys.uconn.edu:1097//home/www/docs/proof/work/1097/mcintyre/session-stat31-1686925700-3082791/worker-0.94-stat106.log 
// # of retrieved lines: 0 


// ------------------------------------------------

// --------- End of element log -------------------


// --------- Start of element log -----------------

// Ordinal: 0.95 (role: worker)

// Path: mcintyre@stat106.phys.uconn.edu:1097//home/www/docs/proof/work/1097/mcintyre/session-stat31-1686925700-3082791/worker-0.95-stat106.log 
// # of retrieved lines: 0 


// ------------------------------------------------

// --------- End of element log -------------------


// --------- Start of element log -----------------

// Ordinal: 0.96 (role: worker)

// Path: mcintyre@stat107.phys.uconn.edu:1097//home/www/docs/proof/work/1097/mcintyre/session-stat31-1686925700-3082791/worker-0.96-stat107.log 
// # of retrieved lines: 0 


// ------------------------------------------------

// --------- End of element log -------------------


// --------- Start of element log -----------------

// Ordinal: 0.97 (role: worker)

// Path: mcintyre@stat107.phys.uconn.edu:1097//home/www/docs/proof/work/1097/mcintyre/session-stat31-1686925700-3082791/worker-0.97-stat107.log 
// # of retrieved lines: 0 


// ------------------------------------------------

// --------- End of element log -------------------


// --------- Start of element log -----------------

// Ordinal: 0.98 (role: worker)

// Path: mcintyre@stat107.phys.uconn.edu:1097//home/www/docs/proof/work/1097/mcintyre/session-stat31-1686925700-3082791/worker-0.98-stat107.log 
// # of retrieved lines: 0 


// ------------------------------------------------

// --------- End of element log -------------------


// --------- Start of element log -----------------

// Ordinal: 0.99 (role: worker)

// Path: mcintyre@stat101.phys.uconn.edu:1097//home/www/docs/proof/work/1097/mcintyre/session-stat31-1686925700-3082791/worker-0.99-stat101.log 
// # of retrieved lines: 0 


// ------------------------------------------------

// --------- End of element log -------------------


// --------- Start of element log -----------------

// Ordinal: 0.100 (role: worker)

// Path: mcintyre@stat101.phys.uconn.edu:1097//home/www/docs/proof/work/1097/mcintyre/session-stat31-1686925700-3082791/worker-0.100-stat101.log 
// # of retrieved lines: 0 


// ------------------------------------------------

// --------- End of element log -------------------


// --------- Start of element log -----------------

// Ordinal: 0.101 (role: worker)

// Path: mcintyre@stat101.phys.uconn.edu:1097//home/www/docs/proof/work/1097/mcintyre/session-stat31-1686925700-3082791/worker-0.101-stat101.log 
// # of retrieved lines: 0 


// ------------------------------------------------

// --------- End of element log -------------------


// --------- Start of element log -----------------

// Ordinal: 0.102 (role: worker)

// Path: mcintyre@stat102.phys.uconn.edu:1097//home/www/docs/proof/work/1097/mcintyre/session-stat31-1686925700-3082791/worker-0.102-stat102.log 
// # of retrieved lines: 0 


// ------------------------------------------------

// --------- End of element log -------------------


// --------- Start of element log -----------------

// Ordinal: 0.103 (role: worker)

// Path: mcintyre@stat102.phys.uconn.edu:1097//home/www/docs/proof/work/1097/mcintyre/session-stat31-1686925700-3082791/worker-0.103-stat102.log 
// # of retrieved lines: 0 


// ------------------------------------------------

// --------- End of element log -------------------


// --------- Start of element log -----------------

// Ordinal: 0.104 (role: worker)

// Path: mcintyre@stat102.phys.uconn.edu:1097//home/www/docs/proof/work/1097/mcintyre/session-stat31-1686925700-3082791/worker-0.104-stat102.log 
// # of retrieved lines: 0 


// ------------------------------------------------

// --------- End of element log -------------------


// --------- Start of element log -----------------

// Ordinal: 0.105 (role: worker)

// Path: mcintyre@stat103.phys.uconn.edu:1097//home/www/docs/proof/work/1097/mcintyre/session-stat31-1686925700-3082791/worker-0.105-stat103.log 
// # of retrieved lines: 0 


// ------------------------------------------------

// --------- End of element log -------------------


// --------- Start of element log -----------------

// Ordinal: 0.106 (role: worker)

// Path: mcintyre@stat103.phys.uconn.edu:1097//home/www/docs/proof/work/1097/mcintyre/session-stat31-1686925700-3082791/worker-0.106-stat103.log 
// # of retrieved lines: 0 


// ------------------------------------------------

// --------- End of element log -------------------


// --------- Start of element log -----------------

// Ordinal: 0.107 (role: worker)

// Path: mcintyre@stat103.phys.uconn.edu:1097//home/www/docs/proof/work/1097/mcintyre/session-stat31-1686925700-3082791/worker-0.107-stat103.log 
// # of retrieved lines: 0 


// ------------------------------------------------

// --------- End of element log -------------------


